Command: vcs -full64 -sverilog -debug_all -timescale=1ns/10ps +notimingcheck +nospecify \
+acc +vpi +lint=TFIPC-L +define+UVM_OBJECT_MUST_HAVE_CONSTRUCTOR +define+NODUMP+UVM_REG_DATA_WIDTH=1024 \
+incdir+/home/synopsys/vcs-mx/O-2018.09-1/etc/uvm-1.1/src /home/synopsys/vcs-mx/O-2018.09-1/etc/uvm-1.1/src/uvm.sv \
/home/synopsys/vcs-mx/O-2018.09-1/etc/uvm-1.1/src/dpi/uvm_dpi.cc -CFLAGS -DVCS +libext+.sv+.v+.vp+.vhd+.vh \
-lca -kdb -assert svaext -assert dve -assert enable_diag -assert vpiSeqBeginTime \
-assert vpiSeqFail -cm line+cond+fsm+tgl+branch+assert -cm_dir vcs_cov_232250774 \
-l vcs_cmp.log -P /home/synopsys/verdi/Verdi_O-2018.09-SP2/share/PLI/VCS/LINUX64/verdi.tab \
/home/synopsys/verdi/Verdi_O-2018.09-SP2/share/PLI/VCS/LINUX64/pli.a +incdir+. -f \
../tb/filelist/axi_bus.f +incdir+ ../tc/testcase/test_case/axi_len_tc.sv
                         Chronologic VCS (TM)
        Version O-2018.09-1_Full64 -- Sat Jan  7 18:50:03 2023
               Copyright (c) 1991-2018 by Synopsys Inc.
                         ALL RIGHTS RESERVED

This program is proprietary and confidential information of Synopsys Inc.
and may be used and disclosed only as authorized in a license agreement
controlling such use and disclosure.


Warning-[DEPRECATED_OPTION] Deprecated option used
  The specified option '+acc' is deprecated.
  Please use '-debug_access+r+w+nomemcbk -debug_region+cell' instead.


Warning-[LCA_FEATURES_ENABLED] Usage warning
  LCA features enabled by '-lca' argument on the command line.  For more 
  information regarding list of LCA features please refer to Chapter "LCA 
  features" in the VCS/VCS-MX Release Notes


Warning-[DEBUG_DEP] Option will be deprecated
  The option '-debug_all' will be deprecated in a future release.  Please use 
  '-debug_acc+all -debug_region+cell+encrypt' instead.

Parsing design file '/home/synopsys/vcs-mx/O-2018.09-1/etc/uvm-1.1/src/uvm.sv'
Parsing included file '/home/synopsys/vcs-mx/O-2018.09-1/etc/uvm-1.1/src/uvm_pkg.sv'.
Parsing included file '/home/synopsys/vcs-mx/O-2018.09-1/etc/uvm-1.1/src/uvm_macros.svh'.
Parsing included file '/home/synopsys/vcs-mx/O-2018.09-1/etc/uvm-1.1/src/macros/uvm_version_defines.svh'.
Back to file '/home/synopsys/vcs-mx/O-2018.09-1/etc/uvm-1.1/src/uvm_macros.svh'.
Parsing included file '/home/synopsys/vcs-mx/O-2018.09-1/etc/uvm-1.1/src/macros/uvm_message_defines.svh'.
Back to file '/home/synopsys/vcs-mx/O-2018.09-1/etc/uvm-1.1/src/uvm_macros.svh'.
Parsing included file '/home/synopsys/vcs-mx/O-2018.09-1/etc/uvm-1.1/src/macros/uvm_phase_defines.svh'.
Back to file '/home/synopsys/vcs-mx/O-2018.09-1/etc/uvm-1.1/src/uvm_macros.svh'.
Parsing included file '/home/synopsys/vcs-mx/O-2018.09-1/etc/uvm-1.1/src/macros/uvm_object_defines.svh'.
Back to file '/home/synopsys/vcs-mx/O-2018.09-1/etc/uvm-1.1/src/uvm_macros.svh'.
Parsing included file '/home/synopsys/vcs-mx/O-2018.09-1/etc/uvm-1.1/src/macros/uvm_printer_defines.svh'.
Back to file '/home/synopsys/vcs-mx/O-2018.09-1/etc/uvm-1.1/src/uvm_macros.svh'.
Parsing included file '/home/synopsys/vcs-mx/O-2018.09-1/etc/uvm-1.1/src/macros/uvm_tlm_defines.svh'.
Parsing included file '/home/synopsys/vcs-mx/O-2018.09-1/etc/uvm-1.1/src/tlm1/uvm_tlm_imps.svh'.
Back to file '/home/synopsys/vcs-mx/O-2018.09-1/etc/uvm-1.1/src/macros/uvm_tlm_defines.svh'.
Back to file '/home/synopsys/vcs-mx/O-2018.09-1/etc/uvm-1.1/src/uvm_macros.svh'.
Parsing included file '/home/synopsys/vcs-mx/O-2018.09-1/etc/uvm-1.1/src/macros/uvm_sequence_defines.svh'.
Back to file '/home/synopsys/vcs-mx/O-2018.09-1/etc/uvm-1.1/src/uvm_macros.svh'.
Parsing included file '/home/synopsys/vcs-mx/O-2018.09-1/etc/uvm-1.1/src/macros/uvm_callback_defines.svh'.
Back to file '/home/synopsys/vcs-mx/O-2018.09-1/etc/uvm-1.1/src/uvm_macros.svh'.
Parsing included file '/home/synopsys/vcs-mx/O-2018.09-1/etc/uvm-1.1/src/macros/uvm_reg_defines.svh'.
Back to file '/home/synopsys/vcs-mx/O-2018.09-1/etc/uvm-1.1/src/uvm_macros.svh'.
Parsing included file '/home/synopsys/vcs-mx/O-2018.09-1/etc/uvm-1.1/src/macros/uvm_deprecated_defines.svh'.
Back to file '/home/synopsys/vcs-mx/O-2018.09-1/etc/uvm-1.1/src/uvm_macros.svh'.
Back to file '/home/synopsys/vcs-mx/O-2018.09-1/etc/uvm-1.1/src/uvm_pkg.sv'.
Parsing included file '/home/synopsys/vcs-mx/O-2018.09-1/etc/uvm-1.1/src/dpi/uvm_dpi.svh'.
Parsing included file '/home/synopsys/vcs-mx/O-2018.09-1/etc/uvm-1.1/src/dpi/uvm_hdl.svh'.
Back to file '/home/synopsys/vcs-mx/O-2018.09-1/etc/uvm-1.1/src/dpi/uvm_dpi.svh'.
Parsing included file '/home/synopsys/vcs-mx/O-2018.09-1/etc/uvm-1.1/src/dpi/uvm_svcmd_dpi.svh'.
Back to file '/home/synopsys/vcs-mx/O-2018.09-1/etc/uvm-1.1/src/dpi/uvm_dpi.svh'.
Parsing included file '/home/synopsys/vcs-mx/O-2018.09-1/etc/uvm-1.1/src/dpi/uvm_regex.svh'.
Back to file '/home/synopsys/vcs-mx/O-2018.09-1/etc/uvm-1.1/src/dpi/uvm_dpi.svh'.
Back to file '/home/synopsys/vcs-mx/O-2018.09-1/etc/uvm-1.1/src/uvm_pkg.sv'.
Parsing included file '/home/synopsys/vcs-mx/O-2018.09-1/etc/uvm-1.1/src/base/uvm_base.svh'.
Parsing included file '/home/synopsys/vcs-mx/O-2018.09-1/etc/uvm-1.1/src/base/uvm_version.svh'.
Back to file '/home/synopsys/vcs-mx/O-2018.09-1/etc/uvm-1.1/src/base/uvm_base.svh'.
Parsing included file '/home/synopsys/vcs-mx/O-2018.09-1/etc/uvm-1.1/src/base/uvm_object_globals.svh'.
Back to file '/home/synopsys/vcs-mx/O-2018.09-1/etc/uvm-1.1/src/base/uvm_base.svh'.
Parsing included file '/home/synopsys/vcs-mx/O-2018.09-1/etc/uvm-1.1/src/base/uvm_misc.svh'.
Back to file '/home/synopsys/vcs-mx/O-2018.09-1/etc/uvm-1.1/src/base/uvm_base.svh'.
Parsing included file '/home/synopsys/vcs-mx/O-2018.09-1/etc/uvm-1.1/src/base/uvm_object.svh'.
Back to file '/home/synopsys/vcs-mx/O-2018.09-1/etc/uvm-1.1/src/base/uvm_base.svh'.
Parsing included file '/home/synopsys/vcs-mx/O-2018.09-1/etc/uvm-1.1/src/base/uvm_pool.svh'.
Back to file '/home/synopsys/vcs-mx/O-2018.09-1/etc/uvm-1.1/src/base/uvm_base.svh'.
Parsing included file '/home/synopsys/vcs-mx/O-2018.09-1/etc/uvm-1.1/src/base/uvm_queue.svh'.
Back to file '/home/synopsys/vcs-mx/O-2018.09-1/etc/uvm-1.1/src/base/uvm_base.svh'.
Parsing included file '/home/synopsys/vcs-mx/O-2018.09-1/etc/uvm-1.1/src/base/uvm_factory.svh'.
Back to file '/home/synopsys/vcs-mx/O-2018.09-1/etc/uvm-1.1/src/base/uvm_base.svh'.
Parsing included file '/home/synopsys/vcs-mx/O-2018.09-1/etc/uvm-1.1/src/base/uvm_registry.svh'.
Back to file '/home/synopsys/vcs-mx/O-2018.09-1/etc/uvm-1.1/src/base/uvm_base.svh'.
Parsing included file '/home/synopsys/vcs-mx/O-2018.09-1/etc/uvm-1.1/src/base/uvm_spell_chkr.svh'.
Back to file '/home/synopsys/vcs-mx/O-2018.09-1/etc/uvm-1.1/src/base/uvm_base.svh'.
Parsing included file '/home/synopsys/vcs-mx/O-2018.09-1/etc/uvm-1.1/src/base/uvm_resource.svh'.
Back to file '/home/synopsys/vcs-mx/O-2018.09-1/etc/uvm-1.1/src/base/uvm_base.svh'.
Parsing included file '/home/synopsys/vcs-mx/O-2018.09-1/etc/uvm-1.1/src/deprecated/uvm_resource_converter.svh'.
Back to file '/home/synopsys/vcs-mx/O-2018.09-1/etc/uvm-1.1/src/base/uvm_base.svh'.
Parsing included file '/home/synopsys/vcs-mx/O-2018.09-1/etc/uvm-1.1/src/base/uvm_resource_specializations.svh'.
Back to file '/home/synopsys/vcs-mx/O-2018.09-1/etc/uvm-1.1/src/base/uvm_base.svh'.
Parsing included file '/home/synopsys/vcs-mx/O-2018.09-1/etc/uvm-1.1/src/base/uvm_resource_db.svh'.
Back to file '/home/synopsys/vcs-mx/O-2018.09-1/etc/uvm-1.1/src/base/uvm_base.svh'.
Parsing included file '/home/synopsys/vcs-mx/O-2018.09-1/etc/uvm-1.1/src/base/uvm_config_db.svh'.
Back to file '/home/synopsys/vcs-mx/O-2018.09-1/etc/uvm-1.1/src/base/uvm_base.svh'.
Parsing included file '/home/synopsys/vcs-mx/O-2018.09-1/etc/uvm-1.1/src/base/uvm_printer.svh'.
Back to file '/home/synopsys/vcs-mx/O-2018.09-1/etc/uvm-1.1/src/base/uvm_base.svh'.
Parsing included file '/home/synopsys/vcs-mx/O-2018.09-1/etc/uvm-1.1/src/base/uvm_comparer.svh'.
Back to file '/home/synopsys/vcs-mx/O-2018.09-1/etc/uvm-1.1/src/base/uvm_base.svh'.
Parsing included file '/home/synopsys/vcs-mx/O-2018.09-1/etc/uvm-1.1/src/base/uvm_packer.svh'.
Back to file '/home/synopsys/vcs-mx/O-2018.09-1/etc/uvm-1.1/src/base/uvm_base.svh'.
Parsing included file '/home/synopsys/vcs-mx/O-2018.09-1/etc/uvm-1.1/src/base/uvm_recorder.svh'.
Back to file '/home/synopsys/vcs-mx/O-2018.09-1/etc/uvm-1.1/src/base/uvm_base.svh'.
Parsing included file '/home/synopsys/vcs-mx/O-2018.09-1/etc/uvm-1.1/src/base/uvm_event_callback.svh'.
Back to file '/home/synopsys/vcs-mx/O-2018.09-1/etc/uvm-1.1/src/base/uvm_base.svh'.
Parsing included file '/home/synopsys/vcs-mx/O-2018.09-1/etc/uvm-1.1/src/base/uvm_event.svh'.
Back to file '/home/synopsys/vcs-mx/O-2018.09-1/etc/uvm-1.1/src/base/uvm_base.svh'.
Parsing included file '/home/synopsys/vcs-mx/O-2018.09-1/etc/uvm-1.1/src/base/uvm_barrier.svh'.
Back to file '/home/synopsys/vcs-mx/O-2018.09-1/etc/uvm-1.1/src/base/uvm_base.svh'.
Parsing included file '/home/synopsys/vcs-mx/O-2018.09-1/etc/uvm-1.1/src/base/uvm_callback.svh'.
Parsing included file '/home/synopsys/vcs-mx/O-2018.09-1/etc/uvm-1.1/src/uvm_macros.svh'.
Back to file '/home/synopsys/vcs-mx/O-2018.09-1/etc/uvm-1.1/src/base/uvm_callback.svh'.
Back to file '/home/synopsys/vcs-mx/O-2018.09-1/etc/uvm-1.1/src/base/uvm_base.svh'.
Parsing included file '/home/synopsys/vcs-mx/O-2018.09-1/etc/uvm-1.1/src/base/uvm_report_catcher.svh'.
Back to file '/home/synopsys/vcs-mx/O-2018.09-1/etc/uvm-1.1/src/base/uvm_base.svh'.
Parsing included file '/home/synopsys/vcs-mx/O-2018.09-1/etc/uvm-1.1/src/base/uvm_report_server.svh'.
Back to file '/home/synopsys/vcs-mx/O-2018.09-1/etc/uvm-1.1/src/base/uvm_base.svh'.
Parsing included file '/home/synopsys/vcs-mx/O-2018.09-1/etc/uvm-1.1/src/base/uvm_report_handler.svh'.
Back to file '/home/synopsys/vcs-mx/O-2018.09-1/etc/uvm-1.1/src/base/uvm_base.svh'.
Parsing included file '/home/synopsys/vcs-mx/O-2018.09-1/etc/uvm-1.1/src/base/uvm_report_object.svh'.
Back to file '/home/synopsys/vcs-mx/O-2018.09-1/etc/uvm-1.1/src/base/uvm_base.svh'.
Parsing included file '/home/synopsys/vcs-mx/O-2018.09-1/etc/uvm-1.1/src/base/uvm_transaction.svh'.
Back to file '/home/synopsys/vcs-mx/O-2018.09-1/etc/uvm-1.1/src/base/uvm_base.svh'.
Parsing included file '/home/synopsys/vcs-mx/O-2018.09-1/etc/uvm-1.1/src/base/uvm_phase.svh'.
Back to file '/home/synopsys/vcs-mx/O-2018.09-1/etc/uvm-1.1/src/base/uvm_base.svh'.
Parsing included file '/home/synopsys/vcs-mx/O-2018.09-1/etc/uvm-1.1/src/base/uvm_domain.svh'.
Back to file '/home/synopsys/vcs-mx/O-2018.09-1/etc/uvm-1.1/src/base/uvm_base.svh'.
Parsing included file '/home/synopsys/vcs-mx/O-2018.09-1/etc/uvm-1.1/src/base/uvm_bottomup_phase.svh'.
Back to file '/home/synopsys/vcs-mx/O-2018.09-1/etc/uvm-1.1/src/base/uvm_base.svh'.
Parsing included file '/home/synopsys/vcs-mx/O-2018.09-1/etc/uvm-1.1/src/base/uvm_topdown_phase.svh'.
Back to file '/home/synopsys/vcs-mx/O-2018.09-1/etc/uvm-1.1/src/base/uvm_base.svh'.
Parsing included file '/home/synopsys/vcs-mx/O-2018.09-1/etc/uvm-1.1/src/base/uvm_task_phase.svh'.
Back to file '/home/synopsys/vcs-mx/O-2018.09-1/etc/uvm-1.1/src/base/uvm_base.svh'.
Parsing included file '/home/synopsys/vcs-mx/O-2018.09-1/etc/uvm-1.1/src/base/uvm_common_phases.svh'.
Back to file '/home/synopsys/vcs-mx/O-2018.09-1/etc/uvm-1.1/src/base/uvm_base.svh'.
Parsing included file '/home/synopsys/vcs-mx/O-2018.09-1/etc/uvm-1.1/src/base/uvm_runtime_phases.svh'.
Back to file '/home/synopsys/vcs-mx/O-2018.09-1/etc/uvm-1.1/src/base/uvm_base.svh'.
Parsing included file '/home/synopsys/vcs-mx/O-2018.09-1/etc/uvm-1.1/src/base/uvm_component.svh'.
Parsing included file '/home/synopsys/vcs-mx/O-2018.09-1/etc/uvm-1.1/src/base/uvm_root.svh'.
Back to file '/home/synopsys/vcs-mx/O-2018.09-1/etc/uvm-1.1/src/base/uvm_component.svh'.
Back to file '/home/synopsys/vcs-mx/O-2018.09-1/etc/uvm-1.1/src/base/uvm_base.svh'.
Parsing included file '/home/synopsys/vcs-mx/O-2018.09-1/etc/uvm-1.1/src/base/uvm_objection.svh'.
Back to file '/home/synopsys/vcs-mx/O-2018.09-1/etc/uvm-1.1/src/base/uvm_base.svh'.
Parsing included file '/home/synopsys/vcs-mx/O-2018.09-1/etc/uvm-1.1/src/base/uvm_heartbeat.svh'.
Back to file '/home/synopsys/vcs-mx/O-2018.09-1/etc/uvm-1.1/src/base/uvm_base.svh'.
Parsing included file '/home/synopsys/vcs-mx/O-2018.09-1/etc/uvm-1.1/src/base/uvm_globals.svh'.
Back to file '/home/synopsys/vcs-mx/O-2018.09-1/etc/uvm-1.1/src/base/uvm_base.svh'.
Parsing included file '/home/synopsys/vcs-mx/O-2018.09-1/etc/uvm-1.1/src/base/uvm_cmdline_processor.svh'.
Back to file '/home/synopsys/vcs-mx/O-2018.09-1/etc/uvm-1.1/src/base/uvm_base.svh'.
Back to file '/home/synopsys/vcs-mx/O-2018.09-1/etc/uvm-1.1/src/uvm_pkg.sv'.
Parsing included file '/home/synopsys/vcs-mx/O-2018.09-1/etc/uvm-1.1/src/tlm1/uvm_tlm.svh'.
Parsing included file '/home/synopsys/vcs-mx/O-2018.09-1/etc/uvm-1.1/src/tlm1/uvm_tlm_ifs.svh'.
Back to file '/home/synopsys/vcs-mx/O-2018.09-1/etc/uvm-1.1/src/tlm1/uvm_tlm.svh'.
Parsing included file '/home/synopsys/vcs-mx/O-2018.09-1/etc/uvm-1.1/src/tlm1/uvm_sqr_ifs.svh'.
Back to file '/home/synopsys/vcs-mx/O-2018.09-1/etc/uvm-1.1/src/tlm1/uvm_tlm.svh'.
Parsing included file '/home/synopsys/vcs-mx/O-2018.09-1/etc/uvm-1.1/src/base/uvm_port_base.svh'.
Back to file '/home/synopsys/vcs-mx/O-2018.09-1/etc/uvm-1.1/src/tlm1/uvm_tlm.svh'.
Parsing included file '/home/synopsys/vcs-mx/O-2018.09-1/etc/uvm-1.1/src/tlm1/uvm_tlm_imps.svh'.
Back to file '/home/synopsys/vcs-mx/O-2018.09-1/etc/uvm-1.1/src/tlm1/uvm_tlm.svh'.
Parsing included file '/home/synopsys/vcs-mx/O-2018.09-1/etc/uvm-1.1/src/tlm1/uvm_imps.svh'.
Back to file '/home/synopsys/vcs-mx/O-2018.09-1/etc/uvm-1.1/src/tlm1/uvm_tlm.svh'.
Parsing included file '/home/synopsys/vcs-mx/O-2018.09-1/etc/uvm-1.1/src/tlm1/uvm_ports.svh'.
Back to file '/home/synopsys/vcs-mx/O-2018.09-1/etc/uvm-1.1/src/tlm1/uvm_tlm.svh'.
Parsing included file '/home/synopsys/vcs-mx/O-2018.09-1/etc/uvm-1.1/src/tlm1/uvm_exports.svh'.
Back to file '/home/synopsys/vcs-mx/O-2018.09-1/etc/uvm-1.1/src/tlm1/uvm_tlm.svh'.
Parsing included file '/home/synopsys/vcs-mx/O-2018.09-1/etc/uvm-1.1/src/tlm1/uvm_analysis_port.svh'.
Back to file '/home/synopsys/vcs-mx/O-2018.09-1/etc/uvm-1.1/src/tlm1/uvm_tlm.svh'.
Parsing included file '/home/synopsys/vcs-mx/O-2018.09-1/etc/uvm-1.1/src/tlm1/uvm_tlm_fifo_base.svh'.
Back to file '/home/synopsys/vcs-mx/O-2018.09-1/etc/uvm-1.1/src/tlm1/uvm_tlm.svh'.
Parsing included file '/home/synopsys/vcs-mx/O-2018.09-1/etc/uvm-1.1/src/tlm1/uvm_tlm_fifos.svh'.
Back to file '/home/synopsys/vcs-mx/O-2018.09-1/etc/uvm-1.1/src/tlm1/uvm_tlm.svh'.
Parsing included file '/home/synopsys/vcs-mx/O-2018.09-1/etc/uvm-1.1/src/tlm1/uvm_tlm_req_rsp.svh'.
Back to file '/home/synopsys/vcs-mx/O-2018.09-1/etc/uvm-1.1/src/tlm1/uvm_tlm.svh'.
Parsing included file '/home/synopsys/vcs-mx/O-2018.09-1/etc/uvm-1.1/src/tlm1/uvm_sqr_connections.svh'.
Back to file '/home/synopsys/vcs-mx/O-2018.09-1/etc/uvm-1.1/src/tlm1/uvm_tlm.svh'.
Back to file '/home/synopsys/vcs-mx/O-2018.09-1/etc/uvm-1.1/src/uvm_pkg.sv'.
Parsing included file '/home/synopsys/vcs-mx/O-2018.09-1/etc/uvm-1.1/src/comps/uvm_comps.svh'.
Parsing included file '/home/synopsys/vcs-mx/O-2018.09-1/etc/uvm-1.1/src/comps/uvm_pair.svh'.
Back to file '/home/synopsys/vcs-mx/O-2018.09-1/etc/uvm-1.1/src/comps/uvm_comps.svh'.
Parsing included file '/home/synopsys/vcs-mx/O-2018.09-1/etc/uvm-1.1/src/comps/uvm_policies.svh'.
Back to file '/home/synopsys/vcs-mx/O-2018.09-1/etc/uvm-1.1/src/comps/uvm_comps.svh'.
Parsing included file '/home/synopsys/vcs-mx/O-2018.09-1/etc/uvm-1.1/src/comps/uvm_in_order_comparator.svh'.
Back to file '/home/synopsys/vcs-mx/O-2018.09-1/etc/uvm-1.1/src/comps/uvm_comps.svh'.
Parsing included file '/home/synopsys/vcs-mx/O-2018.09-1/etc/uvm-1.1/src/comps/uvm_algorithmic_comparator.svh'.
Back to file '/home/synopsys/vcs-mx/O-2018.09-1/etc/uvm-1.1/src/comps/uvm_comps.svh'.
Parsing included file '/home/synopsys/vcs-mx/O-2018.09-1/etc/uvm-1.1/src/comps/uvm_random_stimulus.svh'.
Back to file '/home/synopsys/vcs-mx/O-2018.09-1/etc/uvm-1.1/src/comps/uvm_comps.svh'.
Parsing included file '/home/synopsys/vcs-mx/O-2018.09-1/etc/uvm-1.1/src/comps/uvm_subscriber.svh'.
Back to file '/home/synopsys/vcs-mx/O-2018.09-1/etc/uvm-1.1/src/comps/uvm_comps.svh'.
Parsing included file '/home/synopsys/vcs-mx/O-2018.09-1/etc/uvm-1.1/src/comps/uvm_monitor.svh'.
Back to file '/home/synopsys/vcs-mx/O-2018.09-1/etc/uvm-1.1/src/comps/uvm_comps.svh'.
Parsing included file '/home/synopsys/vcs-mx/O-2018.09-1/etc/uvm-1.1/src/comps/uvm_driver.svh'.
Back to file '/home/synopsys/vcs-mx/O-2018.09-1/etc/uvm-1.1/src/comps/uvm_comps.svh'.
Parsing included file '/home/synopsys/vcs-mx/O-2018.09-1/etc/uvm-1.1/src/comps/uvm_push_driver.svh'.
Back to file '/home/synopsys/vcs-mx/O-2018.09-1/etc/uvm-1.1/src/comps/uvm_comps.svh'.
Parsing included file '/home/synopsys/vcs-mx/O-2018.09-1/etc/uvm-1.1/src/comps/uvm_scoreboard.svh'.
Back to file '/home/synopsys/vcs-mx/O-2018.09-1/etc/uvm-1.1/src/comps/uvm_comps.svh'.
Parsing included file '/home/synopsys/vcs-mx/O-2018.09-1/etc/uvm-1.1/src/comps/uvm_agent.svh'.
Back to file '/home/synopsys/vcs-mx/O-2018.09-1/etc/uvm-1.1/src/comps/uvm_comps.svh'.
Parsing included file '/home/synopsys/vcs-mx/O-2018.09-1/etc/uvm-1.1/src/comps/uvm_env.svh'.
Back to file '/home/synopsys/vcs-mx/O-2018.09-1/etc/uvm-1.1/src/comps/uvm_comps.svh'.
Parsing included file '/home/synopsys/vcs-mx/O-2018.09-1/etc/uvm-1.1/src/comps/uvm_test.svh'.
Back to file '/home/synopsys/vcs-mx/O-2018.09-1/etc/uvm-1.1/src/comps/uvm_comps.svh'.
Back to file '/home/synopsys/vcs-mx/O-2018.09-1/etc/uvm-1.1/src/uvm_pkg.sv'.
Parsing included file '/home/synopsys/vcs-mx/O-2018.09-1/etc/uvm-1.1/src/seq/uvm_seq.svh'.
Parsing included file '/home/synopsys/vcs-mx/O-2018.09-1/etc/uvm-1.1/src/seq/uvm_sequence_item.svh'.
Back to file '/home/synopsys/vcs-mx/O-2018.09-1/etc/uvm-1.1/src/seq/uvm_seq.svh'.
Parsing included file '/home/synopsys/vcs-mx/O-2018.09-1/etc/uvm-1.1/src/seq/uvm_sequencer_base.svh'.
Back to file '/home/synopsys/vcs-mx/O-2018.09-1/etc/uvm-1.1/src/seq/uvm_seq.svh'.
Parsing included file '/home/synopsys/vcs-mx/O-2018.09-1/etc/uvm-1.1/src/seq/uvm_sequencer_analysis_fifo.svh'.
Back to file '/home/synopsys/vcs-mx/O-2018.09-1/etc/uvm-1.1/src/seq/uvm_seq.svh'.
Parsing included file '/home/synopsys/vcs-mx/O-2018.09-1/etc/uvm-1.1/src/seq/uvm_sequencer_param_base.svh'.
Back to file '/home/synopsys/vcs-mx/O-2018.09-1/etc/uvm-1.1/src/seq/uvm_seq.svh'.
Parsing included file '/home/synopsys/vcs-mx/O-2018.09-1/etc/uvm-1.1/src/seq/uvm_sequencer.svh'.
Back to file '/home/synopsys/vcs-mx/O-2018.09-1/etc/uvm-1.1/src/seq/uvm_seq.svh'.
Parsing included file '/home/synopsys/vcs-mx/O-2018.09-1/etc/uvm-1.1/src/seq/uvm_push_sequencer.svh'.
Back to file '/home/synopsys/vcs-mx/O-2018.09-1/etc/uvm-1.1/src/seq/uvm_seq.svh'.
Parsing included file '/home/synopsys/vcs-mx/O-2018.09-1/etc/uvm-1.1/src/seq/uvm_sequence_base.svh'.
Back to file '/home/synopsys/vcs-mx/O-2018.09-1/etc/uvm-1.1/src/seq/uvm_seq.svh'.
Parsing included file '/home/synopsys/vcs-mx/O-2018.09-1/etc/uvm-1.1/src/seq/uvm_sequence.svh'.
Back to file '/home/synopsys/vcs-mx/O-2018.09-1/etc/uvm-1.1/src/seq/uvm_seq.svh'.
Parsing included file '/home/synopsys/vcs-mx/O-2018.09-1/etc/uvm-1.1/src/seq/uvm_sequence_library.svh'.
Back to file '/home/synopsys/vcs-mx/O-2018.09-1/etc/uvm-1.1/src/seq/uvm_seq.svh'.
Parsing included file '/home/synopsys/vcs-mx/O-2018.09-1/etc/uvm-1.1/src/seq/uvm_sequence_builtin.svh'.
Back to file '/home/synopsys/vcs-mx/O-2018.09-1/etc/uvm-1.1/src/seq/uvm_seq.svh'.
Back to file '/home/synopsys/vcs-mx/O-2018.09-1/etc/uvm-1.1/src/uvm_pkg.sv'.
Parsing included file '/home/synopsys/vcs-mx/O-2018.09-1/etc/uvm-1.1/src/tlm2/uvm_tlm2.svh'.
Parsing included file '/home/synopsys/vcs-mx/O-2018.09-1/etc/uvm-1.1/src/tlm2/uvm_tlm2_defines.svh'.
Back to file '/home/synopsys/vcs-mx/O-2018.09-1/etc/uvm-1.1/src/tlm2/uvm_tlm2.svh'.
Parsing included file '/home/synopsys/vcs-mx/O-2018.09-1/etc/uvm-1.1/src/tlm2/uvm_tlm2_time.svh'.
Back to file '/home/synopsys/vcs-mx/O-2018.09-1/etc/uvm-1.1/src/tlm2/uvm_tlm2.svh'.
Parsing included file '/home/synopsys/vcs-mx/O-2018.09-1/etc/uvm-1.1/src/tlm2/uvm_tlm2_generic_payload.svh'.
Back to file '/home/synopsys/vcs-mx/O-2018.09-1/etc/uvm-1.1/src/tlm2/uvm_tlm2.svh'.
Parsing included file '/home/synopsys/vcs-mx/O-2018.09-1/etc/uvm-1.1/src/tlm2/uvm_tlm2_ifs.svh'.
Back to file '/home/synopsys/vcs-mx/O-2018.09-1/etc/uvm-1.1/src/tlm2/uvm_tlm2.svh'.
Parsing included file '/home/synopsys/vcs-mx/O-2018.09-1/etc/uvm-1.1/src/tlm2/uvm_tlm2_imps.svh'.
Back to file '/home/synopsys/vcs-mx/O-2018.09-1/etc/uvm-1.1/src/tlm2/uvm_tlm2.svh'.
Parsing included file '/home/synopsys/vcs-mx/O-2018.09-1/etc/uvm-1.1/src/tlm2/uvm_tlm2_ports.svh'.
Back to file '/home/synopsys/vcs-mx/O-2018.09-1/etc/uvm-1.1/src/tlm2/uvm_tlm2.svh'.
Parsing included file '/home/synopsys/vcs-mx/O-2018.09-1/etc/uvm-1.1/src/tlm2/uvm_tlm2_exports.svh'.
Back to file '/home/synopsys/vcs-mx/O-2018.09-1/etc/uvm-1.1/src/tlm2/uvm_tlm2.svh'.
Parsing included file '/home/synopsys/vcs-mx/O-2018.09-1/etc/uvm-1.1/src/tlm2/uvm_tlm2_sockets_base.svh'.
Back to file '/home/synopsys/vcs-mx/O-2018.09-1/etc/uvm-1.1/src/tlm2/uvm_tlm2.svh'.
Parsing included file '/home/synopsys/vcs-mx/O-2018.09-1/etc/uvm-1.1/src/tlm2/uvm_tlm2_sockets.svh'.
Back to file '/home/synopsys/vcs-mx/O-2018.09-1/etc/uvm-1.1/src/tlm2/uvm_tlm2.svh'.
Back to file '/home/synopsys/vcs-mx/O-2018.09-1/etc/uvm-1.1/src/uvm_pkg.sv'.
Parsing included file '/home/synopsys/vcs-mx/O-2018.09-1/etc/uvm-1.1/src/reg/uvm_reg_model.svh'.
Parsing included file '/home/synopsys/vcs-mx/O-2018.09-1/etc/uvm-1.1/src/reg/uvm_reg_item.svh'.
Back to file '/home/synopsys/vcs-mx/O-2018.09-1/etc/uvm-1.1/src/reg/uvm_reg_model.svh'.
Parsing included file '/home/synopsys/vcs-mx/O-2018.09-1/etc/uvm-1.1/src/reg/uvm_reg_adapter.svh'.
Back to file '/home/synopsys/vcs-mx/O-2018.09-1/etc/uvm-1.1/src/reg/uvm_reg_model.svh'.
Parsing included file '/home/synopsys/vcs-mx/O-2018.09-1/etc/uvm-1.1/src/reg/uvm_reg_predictor.svh'.
Back to file '/home/synopsys/vcs-mx/O-2018.09-1/etc/uvm-1.1/src/reg/uvm_reg_model.svh'.
Parsing included file '/home/synopsys/vcs-mx/O-2018.09-1/etc/uvm-1.1/src/reg/uvm_reg_sequence.svh'.
Back to file '/home/synopsys/vcs-mx/O-2018.09-1/etc/uvm-1.1/src/reg/uvm_reg_model.svh'.
Parsing included file '/home/synopsys/vcs-mx/O-2018.09-1/etc/uvm-1.1/src/reg/uvm_reg_cbs.svh'.
Back to file '/home/synopsys/vcs-mx/O-2018.09-1/etc/uvm-1.1/src/reg/uvm_reg_model.svh'.
Parsing included file '/home/synopsys/vcs-mx/O-2018.09-1/etc/uvm-1.1/src/reg/uvm_reg_backdoor.svh'.
Back to file '/home/synopsys/vcs-mx/O-2018.09-1/etc/uvm-1.1/src/reg/uvm_reg_model.svh'.
Parsing included file '/home/synopsys/vcs-mx/O-2018.09-1/etc/uvm-1.1/src/reg/uvm_reg_field.svh'.
Back to file '/home/synopsys/vcs-mx/O-2018.09-1/etc/uvm-1.1/src/reg/uvm_reg_model.svh'.
Parsing included file '/home/synopsys/vcs-mx/O-2018.09-1/etc/uvm-1.1/src/reg/uvm_vreg_field.svh'.
Back to file '/home/synopsys/vcs-mx/O-2018.09-1/etc/uvm-1.1/src/reg/uvm_reg_model.svh'.
Parsing included file '/home/synopsys/vcs-mx/O-2018.09-1/etc/uvm-1.1/src/reg/uvm_reg.svh'.
Back to file '/home/synopsys/vcs-mx/O-2018.09-1/etc/uvm-1.1/src/reg/uvm_reg_model.svh'.
Parsing included file '/home/synopsys/vcs-mx/O-2018.09-1/etc/uvm-1.1/src/reg/uvm_reg_indirect.svh'.
Back to file '/home/synopsys/vcs-mx/O-2018.09-1/etc/uvm-1.1/src/reg/uvm_reg_model.svh'.
Parsing included file '/home/synopsys/vcs-mx/O-2018.09-1/etc/uvm-1.1/src/reg/uvm_reg_fifo.svh'.
Back to file '/home/synopsys/vcs-mx/O-2018.09-1/etc/uvm-1.1/src/reg/uvm_reg_model.svh'.
Parsing included file '/home/synopsys/vcs-mx/O-2018.09-1/etc/uvm-1.1/src/reg/uvm_reg_file.svh'.
Back to file '/home/synopsys/vcs-mx/O-2018.09-1/etc/uvm-1.1/src/reg/uvm_reg_model.svh'.
Parsing included file '/home/synopsys/vcs-mx/O-2018.09-1/etc/uvm-1.1/src/reg/uvm_mem_mam.svh'.
Back to file '/home/synopsys/vcs-mx/O-2018.09-1/etc/uvm-1.1/src/reg/uvm_reg_model.svh'.
Parsing included file '/home/synopsys/vcs-mx/O-2018.09-1/etc/uvm-1.1/src/reg/uvm_vreg.svh'.
Back to file '/home/synopsys/vcs-mx/O-2018.09-1/etc/uvm-1.1/src/reg/uvm_reg_model.svh'.
Parsing included file '/home/synopsys/vcs-mx/O-2018.09-1/etc/uvm-1.1/src/reg/uvm_mem.svh'.
Back to file '/home/synopsys/vcs-mx/O-2018.09-1/etc/uvm-1.1/src/reg/uvm_reg_model.svh'.
Parsing included file '/home/synopsys/vcs-mx/O-2018.09-1/etc/uvm-1.1/src/reg/uvm_reg_map.svh'.
Back to file '/home/synopsys/vcs-mx/O-2018.09-1/etc/uvm-1.1/src/reg/uvm_reg_model.svh'.
Parsing included file '/home/synopsys/vcs-mx/O-2018.09-1/etc/uvm-1.1/src/reg/uvm_reg_block.svh'.
Back to file '/home/synopsys/vcs-mx/O-2018.09-1/etc/uvm-1.1/src/reg/uvm_reg_model.svh'.
Parsing included file '/home/synopsys/vcs-mx/O-2018.09-1/etc/uvm-1.1/src/reg/sequences/uvm_reg_hw_reset_seq.svh'.
Back to file '/home/synopsys/vcs-mx/O-2018.09-1/etc/uvm-1.1/src/reg/uvm_reg_model.svh'.
Parsing included file '/home/synopsys/vcs-mx/O-2018.09-1/etc/uvm-1.1/src/reg/sequences/uvm_reg_bit_bash_seq.svh'.
Back to file '/home/synopsys/vcs-mx/O-2018.09-1/etc/uvm-1.1/src/reg/uvm_reg_model.svh'.
Parsing included file '/home/synopsys/vcs-mx/O-2018.09-1/etc/uvm-1.1/src/reg/sequences/uvm_mem_walk_seq.svh'.
Back to file '/home/synopsys/vcs-mx/O-2018.09-1/etc/uvm-1.1/src/reg/uvm_reg_model.svh'.
Parsing included file '/home/synopsys/vcs-mx/O-2018.09-1/etc/uvm-1.1/src/reg/sequences/uvm_mem_access_seq.svh'.
Back to file '/home/synopsys/vcs-mx/O-2018.09-1/etc/uvm-1.1/src/reg/uvm_reg_model.svh'.
Parsing included file '/home/synopsys/vcs-mx/O-2018.09-1/etc/uvm-1.1/src/reg/sequences/uvm_reg_access_seq.svh'.
Back to file '/home/synopsys/vcs-mx/O-2018.09-1/etc/uvm-1.1/src/reg/uvm_reg_model.svh'.
Parsing included file '/home/synopsys/vcs-mx/O-2018.09-1/etc/uvm-1.1/src/reg/sequences/uvm_reg_mem_shared_access_seq.svh'.
Back to file '/home/synopsys/vcs-mx/O-2018.09-1/etc/uvm-1.1/src/reg/uvm_reg_model.svh'.
Parsing included file '/home/synopsys/vcs-mx/O-2018.09-1/etc/uvm-1.1/src/reg/sequences/uvm_reg_mem_built_in_seq.svh'.
Back to file '/home/synopsys/vcs-mx/O-2018.09-1/etc/uvm-1.1/src/reg/uvm_reg_model.svh'.
Parsing included file '/home/synopsys/vcs-mx/O-2018.09-1/etc/uvm-1.1/src/reg/sequences/uvm_reg_mem_hdl_paths_seq.svh'.
Back to file '/home/synopsys/vcs-mx/O-2018.09-1/etc/uvm-1.1/src/reg/uvm_reg_model.svh'.
Parsing included file '/home/synopsys/vcs-mx/O-2018.09-1/etc/uvm-1.1/src/reg/snps_uvm_reg_bank.svh'.
Back to file '/home/synopsys/vcs-mx/O-2018.09-1/etc/uvm-1.1/src/reg/uvm_reg_model.svh'.
Back to file '/home/synopsys/vcs-mx/O-2018.09-1/etc/uvm-1.1/src/uvm_pkg.sv'.
Back to file '/home/synopsys/vcs-mx/O-2018.09-1/etc/uvm-1.1/src/uvm.sv'.
Parsing included file '/home/synopsys/vcs-mx/O-2018.09-1/etc/uvm-1.1/src/vcs/snps_reg.svh'.
Back to file '/home/synopsys/vcs-mx/O-2018.09-1/etc/uvm-1.1/src/uvm.sv'.
Parsing design file '../../rtl/DW_axi_x2p_cc_constants.v'
Parsing design file '../../rtl/DW_axi_x2p_bcm_params.v'
Parsing design file '../../rtl/DW_axi_x2p_arb.v'
Parsing design file '../../rtl/DW_axi_x2p_bcm99.v'
Parsing design file '../../rtl/DW_axi_x2p_bcm07.v'
Parsing design file '../../rtl/DW_axi_x2p_bcm21.v'
Parsing design file '../../rtl/DW_axi_x2p_bcm05.v'
Parsing design file '../../rtl/DW_axi_x2p_bcm57.v'
Parsing design file '../../rtl/DW_axi_x2p_mux.v'
Parsing design file '../../rtl/DW_axi_x2p_endian.v'
Parsing design file '../../rtl/DW_axi_x2p_endian_wstrb.v'
Parsing design file '../../rtl/DW_axi_x2p_cmd_queue.v'
Parsing design file '../../rtl/DW_axi_x2p_dcdr.v'
Parsing design file '../../rtl/DW_axi_x2p_first_last_strobe.v'
Parsing design file '../../rtl/DW_axi_x2p_power_ctrl_legacy.v'
Parsing design file '../../rtl/DW_axi_x2p_p.v'
Parsing design file '../../rtl/DW_axi_x2p_read_data_buffer.v'
Parsing design file '../../rtl/DW_axi_x2p_resp_buffer.v'
Parsing design file '../../rtl/DW_axi_x2p_s_addr_dcd.v'
Parsing design file '../../rtl/DW_axi_x2p_s_control.v'
Parsing design file '../../rtl/DW_axi_x2p_s_packer.v'
Parsing design file '../../rtl/DW_axi_x2p_s_response.v'
Parsing design file '../../rtl/DW_axi_x2p_s_unpack.v'
Parsing design file '../../rtl/DW_axi_x2p_s.v'
Parsing design file '../../rtl/DW_axi_x2p_write_data_buffer.v'
Parsing design file '../../rtl/DW_axi_x2p.v'
Parsing design file '../../rtl/DW_axi_x2p-undef.v'
Parsing design file '../tb/axi_bus_top.sv'
Parsing included file '/home/synopsys/vcs-mx/O-2018.09-1/etc/uvm-1.1/src/uvm_macros.svh'.
Back to file '../tb/axi_bus_top.sv'.
Parsing included file '../public/axi_vip/axi_master_pkg/axi_master_vif.sv'.
Back to file '../tb/axi_bus_top.sv'.
Parsing included file '../public/axi_vip/axi_slaver_pkg/axi_slave_vif.sv'.
Back to file '../tb/axi_bus_top.sv'.
Parsing included file '../public/apb_vip/apb_slaver_pkg/apb_slave_if.sv'.
Back to file '../tb/axi_bus_top.sv'.
Parsing design file '../tc/testcase/test_case/axi_len_tc.sv'
Parsing included file '../tc/testcase/axi_base_tc.sv'.
Parsing included file '../public/axi_vip/axi_pkg.sv'.
Parsing included file '../public/axi_vip/common/axi_type.sv'.
Back to file '../public/axi_vip/axi_pkg.sv'.
Parsing included file '../public/axi_vip/common/axi_conf.sv'.
Back to file '../public/axi_vip/axi_pkg.sv'.
Parsing included file '../public/axi_vip/common/axi_transfer.sv'.
Back to file '../public/axi_vip/axi_pkg.sv'.
Parsing included file '../public/axi_vip/common/axi_common.sv'.
Back to file '../public/axi_vip/axi_pkg.sv'.
Parsing included file '../public/axi_vip/axi_master_pkg/axi_master_monitor.sv'.
Back to file '../public/axi_vip/axi_pkg.sv'.
Parsing included file '../public/axi_vip/axi_master_pkg/axi_master_driver.sv'.
Back to file '../public/axi_vip/axi_pkg.sv'.
Parsing included file '../public/axi_vip/axi_master_pkg/axi_master_sequencer.sv'.
Back to file '../public/axi_vip/axi_pkg.sv'.
Parsing included file '../public/axi_vip/axi_master_pkg/axi_master_agent.sv'.
Back to file '../public/axi_vip/axi_pkg.sv'.
Parsing included file '../public/axi_vip/axi_slaver_pkg/axi_slave_monitor.sv'.
Back to file '../public/axi_vip/axi_pkg.sv'.
Parsing included file '../public/axi_vip/axi_slaver_pkg/axi_slave_driver.sv'.
Back to file '../public/axi_vip/axi_pkg.sv'.
Parsing included file '../public/axi_vip/axi_slaver_pkg/axi_slave_sequencer.sv'.
Back to file '../public/axi_vip/axi_pkg.sv'.
Parsing included file '../public/axi_vip/axi_slaver_pkg/axi_slave_agent.sv'.
Back to file '../public/axi_vip/axi_pkg.sv'.
Parsing included file '../public/axi_vip/common/axi_env.sv'.
Back to file '../public/axi_vip/axi_pkg.sv'.
Back to file '../tc/testcase/axi_base_tc.sv'.
Parsing included file '../public/apb_vip/apb_pkg.sv'.
Parsing included file '../public/apb_vip/common/apb_txn.sv'.
Back to file '../public/apb_vip/apb_pkg.sv'.
Parsing included file '../public/apb_vip/apb_slaver_pkg/apb_slave_mon.sv'.
Back to file '../public/apb_vip/apb_pkg.sv'.
Parsing included file '../public/apb_vip/apb_slaver_pkg/apb_slave_drv.sv'.
Back to file '../public/apb_vip/apb_pkg.sv'.
Parsing included file '../public/apb_vip/apb_slaver_pkg/apb_slave_agent.sv'.
Back to file '../public/apb_vip/apb_pkg.sv'.
Back to file '../tc/testcase/axi_base_tc.sv'.
Parsing included file '../tb/axi_bus_conf.sv'.
Back to file '../tc/testcase/axi_base_tc.sv'.
Parsing included file '../tb/scb/axi_bus_scoreboard.sv'.
Back to file '../tc/testcase/axi_base_tc.sv'.
Parsing included file '../tb/axi_bus_env.sv'.
Back to file '../tc/testcase/axi_base_tc.sv'.
Parsing included file '../tb/vir_sequencer.sv'.
Back to file '../tc/testcase/axi_base_tc.sv'.
Parsing included file '../tc/testcase/sequence_libs/axi_seq_lib_pkg.sv'.
Parsing included file '../tc/testcase/sequence_libs/axi_based_seq_lib.sv'.
Back to file '../tc/testcase/sequence_libs/axi_seq_lib_pkg.sv'.
Parsing included file '../tc/testcase/sequence_libs/axi_master_seq_lib.sv'.
Back to file '../tc/testcase/sequence_libs/axi_seq_lib_pkg.sv'.
Parsing included file '../tc/testcase/sequence_libs/axi_master_based_seq_lib.sv'.
Back to file '../tc/testcase/sequence_libs/axi_seq_lib_pkg.sv'.
Parsing included file '../tc/testcase/sequence_libs/axi_slave_based_seq_lib.sv'.
Back to file '../tc/testcase/sequence_libs/axi_seq_lib_pkg.sv'.
Back to file '../tc/testcase/axi_base_tc.sv'.
Back to file '../tc/testcase/test_case/axi_len_tc.sv'.
Parsing included file '../tc/testcase/test_case/axi_len_seq.sv'.
Back to file '../tc/testcase/test_case/axi_len_tc.sv'.
Top Level Modules:
       DW_axi_x2p_bcm99
       DW_axi_x2p_power_ctrl_legacy
       axi_bus_top
TimeScale is 1 ns / 10 ps

Warning-[IAVCVF-W] Incorrect argument to void cast
../public/axi_vip/axi_master_pkg/axi_master_monitor.sv, 309
$unit, "void'(this.end_tr(t_trx, /* end_time = 0 */, /* free_handle = 1 */));"
  Void function 'this.end_tr(t_trx, , )' cannot be used as the argument to 
  cast operator.
  Please refer to Section 6.24.1 'Cast operator' of the SystemVerilog LRM Std.
  1800-2012.


Warning-[IAVCVF-W] Incorrect argument to void cast
../public/axi_vip/axi_master_pkg/axi_master_monitor.sv, 396
$unit, "void'(this.end_tr(t_trx, /* end_time = 0 */, /* free_handle = 1 */));"
  Void function 'this.end_tr(t_trx, , )' cannot be used as the argument to 
  cast operator.
  Please refer to Section 6.24.1 'Cast operator' of the SystemVerilog LRM Std.
  1800-2012.


Warning-[IAVCVF-W] Incorrect argument to void cast
../public/axi_vip/axi_slaver_pkg/axi_slave_monitor.sv, 323
$unit, "void'(this.end_tr(t_trx, /* end_time = 0 */, /* free_handle = 1 */));"
  Void function 'this.end_tr(t_trx, , )' cannot be used as the argument to 
  cast operator.
  Please refer to Section 6.24.1 'Cast operator' of the SystemVerilog LRM Std.
  1800-2012.


Warning-[IAVCVF-W] Incorrect argument to void cast
../public/axi_vip/axi_slaver_pkg/axi_slave_monitor.sv, 418
$unit, "void'(this.end_tr(t_trx, /* end_time = 0 */, /* free_handle = 1 */));"
  Void function 'this.end_tr(t_trx, , )' cannot be used as the argument to 
  cast operator.
  Please refer to Section 6.24.1 'Cast operator' of the SystemVerilog LRM Std.
  1800-2012.


Warning-[PCWM-W] Port connection width mismatch
../tb/axi_bus_top.sv, 37
"DW_axi_x2p DW_axi_x2p_u( .aclk (clk),  .aresetn (resetn),  .awvalid (axi_bus_top.axi_bus_mst_io[0].AXI_AWVALID),  .awaddr (axi_bus_top.axi_bus_mst_io[0].AXI_AWADDR),  .awid (axi_bus_top.axi_bus_mst_io[0].AXI_AWID),  .awlen (axi_bus_top.axi_bus_mst_io[0].AXI_AWLEN),  .awsize (axi_bus_top.axi_bus_mst_io[0].AXI_AWSIZE),  .awburst (axi_bus_top.axi_bus_mst_io[0].AXI_AWBURST),  .awlock (axi_bus_top.axi_bus_mst_io[0].AXI_AWLOCK),  .awcache (axi_bus_top.axi_bus_mst_io[0].AXI_AWCACHE),  .awprot (axi_bus_top.axi_bus_mst_io[0].AXI_AWPROT),  .awready (axi_bus_top.axi_bus_mst_io[0].AXI_AWREADY),  .wvalid (axi_bus_top.axi_bus_mst_io[0].AXI_WVALID),  .wid (axi_bus_top.axi_bus_mst_io[0].AXI_WID),  .wdata (axi_bus_top.axi_bus_mst_io[0].AXI_WDATA),  .wstrb (axi_bus_top.a ... "
  The following 1-bit expression is connected to 8-bit port "awid" of module 
  "DW_axi_x2p", instance "DW_axi_x2p_u".
  Expression: axi_bus_top.axi_bus_mst_io[0].AXI_AWID
  	use +lint=PCWM for more details


Warning-[PCWM-W] Port connection width mismatch
../tb/axi_bus_top.sv, 37
"DW_axi_x2p DW_axi_x2p_u( .aclk (clk),  .aresetn (resetn),  .awvalid (axi_bus_top.axi_bus_mst_io[0].AXI_AWVALID),  .awaddr (axi_bus_top.axi_bus_mst_io[0].AXI_AWADDR),  .awid (axi_bus_top.axi_bus_mst_io[0].AXI_AWID),  .awlen (axi_bus_top.axi_bus_mst_io[0].AXI_AWLEN),  .awsize (axi_bus_top.axi_bus_mst_io[0].AXI_AWSIZE),  .awburst (axi_bus_top.axi_bus_mst_io[0].AXI_AWBURST),  .awlock (axi_bus_top.axi_bus_mst_io[0].AXI_AWLOCK),  .awcache (axi_bus_top.axi_bus_mst_io[0].AXI_AWCACHE),  .awprot (axi_bus_top.axi_bus_mst_io[0].AXI_AWPROT),  .awready (axi_bus_top.axi_bus_mst_io[0].AXI_AWREADY),  .wvalid (axi_bus_top.axi_bus_mst_io[0].AXI_WVALID),  .wid (axi_bus_top.axi_bus_mst_io[0].AXI_WID),  .wdata (axi_bus_top.axi_bus_mst_io[0].AXI_WDATA),  .wstrb (axi_bus_top.a ... "
  The following 1-bit expression is connected to 8-bit port "wid" of module 
  "DW_axi_x2p", instance "DW_axi_x2p_u".
  Expression: axi_bus_top.axi_bus_mst_io[0].AXI_WID
  	use +lint=PCWM for more details


Warning-[PCWM-W] Port connection width mismatch
../tb/axi_bus_top.sv, 37
"DW_axi_x2p DW_axi_x2p_u( .aclk (clk),  .aresetn (resetn),  .awvalid (axi_bus_top.axi_bus_mst_io[0].AXI_AWVALID),  .awaddr (axi_bus_top.axi_bus_mst_io[0].AXI_AWADDR),  .awid (axi_bus_top.axi_bus_mst_io[0].AXI_AWID),  .awlen (axi_bus_top.axi_bus_mst_io[0].AXI_AWLEN),  .awsize (axi_bus_top.axi_bus_mst_io[0].AXI_AWSIZE),  .awburst (axi_bus_top.axi_bus_mst_io[0].AXI_AWBURST),  .awlock (axi_bus_top.axi_bus_mst_io[0].AXI_AWLOCK),  .awcache (axi_bus_top.axi_bus_mst_io[0].AXI_AWCACHE),  .awprot (axi_bus_top.axi_bus_mst_io[0].AXI_AWPROT),  .awready (axi_bus_top.axi_bus_mst_io[0].AXI_AWREADY),  .wvalid (axi_bus_top.axi_bus_mst_io[0].AXI_WVALID),  .wid (axi_bus_top.axi_bus_mst_io[0].AXI_WID),  .wdata (axi_bus_top.axi_bus_mst_io[0].AXI_WDATA),  .wstrb (axi_bus_top.a ... "
  The following 64-bit expression is connected to 32-bit port "wdata" of 
  module "DW_axi_x2p", instance "DW_axi_x2p_u".
  Expression: axi_bus_top.axi_bus_mst_io[0].AXI_WDATA
  	use +lint=PCWM for more details


Warning-[PCWM-W] Port connection width mismatch
../tb/axi_bus_top.sv, 37
"DW_axi_x2p DW_axi_x2p_u( .aclk (clk),  .aresetn (resetn),  .awvalid (axi_bus_top.axi_bus_mst_io[0].AXI_AWVALID),  .awaddr (axi_bus_top.axi_bus_mst_io[0].AXI_AWADDR),  .awid (axi_bus_top.axi_bus_mst_io[0].AXI_AWID),  .awlen (axi_bus_top.axi_bus_mst_io[0].AXI_AWLEN),  .awsize (axi_bus_top.axi_bus_mst_io[0].AXI_AWSIZE),  .awburst (axi_bus_top.axi_bus_mst_io[0].AXI_AWBURST),  .awlock (axi_bus_top.axi_bus_mst_io[0].AXI_AWLOCK),  .awcache (axi_bus_top.axi_bus_mst_io[0].AXI_AWCACHE),  .awprot (axi_bus_top.axi_bus_mst_io[0].AXI_AWPROT),  .awready (axi_bus_top.axi_bus_mst_io[0].AXI_AWREADY),  .wvalid (axi_bus_top.axi_bus_mst_io[0].AXI_WVALID),  .wid (axi_bus_top.axi_bus_mst_io[0].AXI_WID),  .wdata (axi_bus_top.axi_bus_mst_io[0].AXI_WDATA),  .wstrb (axi_bus_top.a ... "
  The following 8-bit expression is connected to 4-bit port "wstrb" of module 
  "DW_axi_x2p", instance "DW_axi_x2p_u".
  Expression: axi_bus_top.axi_bus_mst_io[0].AXI_WSTRB
  	use +lint=PCWM for more details


Warning-[PCWM-W] Port connection width mismatch
../tb/axi_bus_top.sv, 37
"DW_axi_x2p DW_axi_x2p_u( .aclk (clk),  .aresetn (resetn),  .awvalid (axi_bus_top.axi_bus_mst_io[0].AXI_AWVALID),  .awaddr (axi_bus_top.axi_bus_mst_io[0].AXI_AWADDR),  .awid (axi_bus_top.axi_bus_mst_io[0].AXI_AWID),  .awlen (axi_bus_top.axi_bus_mst_io[0].AXI_AWLEN),  .awsize (axi_bus_top.axi_bus_mst_io[0].AXI_AWSIZE),  .awburst (axi_bus_top.axi_bus_mst_io[0].AXI_AWBURST),  .awlock (axi_bus_top.axi_bus_mst_io[0].AXI_AWLOCK),  .awcache (axi_bus_top.axi_bus_mst_io[0].AXI_AWCACHE),  .awprot (axi_bus_top.axi_bus_mst_io[0].AXI_AWPROT),  .awready (axi_bus_top.axi_bus_mst_io[0].AXI_AWREADY),  .wvalid (axi_bus_top.axi_bus_mst_io[0].AXI_WVALID),  .wid (axi_bus_top.axi_bus_mst_io[0].AXI_WID),  .wdata (axi_bus_top.axi_bus_mst_io[0].AXI_WDATA),  .wstrb (axi_bus_top.a ... "
  The following 1-bit expression is connected to 8-bit port "bid" of module 
  "DW_axi_x2p", instance "DW_axi_x2p_u".
  Expression: axi_bus_top.axi_bus_mst_io[0].AXI_BID
  	use +lint=PCWM for more details


Warning-[PCWM-W] Port connection width mismatch
../tb/axi_bus_top.sv, 37
"DW_axi_x2p DW_axi_x2p_u( .aclk (clk),  .aresetn (resetn),  .awvalid (axi_bus_top.axi_bus_mst_io[0].AXI_AWVALID),  .awaddr (axi_bus_top.axi_bus_mst_io[0].AXI_AWADDR),  .awid (axi_bus_top.axi_bus_mst_io[0].AXI_AWID),  .awlen (axi_bus_top.axi_bus_mst_io[0].AXI_AWLEN),  .awsize (axi_bus_top.axi_bus_mst_io[0].AXI_AWSIZE),  .awburst (axi_bus_top.axi_bus_mst_io[0].AXI_AWBURST),  .awlock (axi_bus_top.axi_bus_mst_io[0].AXI_AWLOCK),  .awcache (axi_bus_top.axi_bus_mst_io[0].AXI_AWCACHE),  .awprot (axi_bus_top.axi_bus_mst_io[0].AXI_AWPROT),  .awready (axi_bus_top.axi_bus_mst_io[0].AXI_AWREADY),  .wvalid (axi_bus_top.axi_bus_mst_io[0].AXI_WVALID),  .wid (axi_bus_top.axi_bus_mst_io[0].AXI_WID),  .wdata (axi_bus_top.axi_bus_mst_io[0].AXI_WDATA),  .wstrb (axi_bus_top.a ... "
  The following 1-bit expression is connected to 8-bit port "arid" of module 
  "DW_axi_x2p", instance "DW_axi_x2p_u".
  Expression: axi_bus_top.axi_bus_mst_io[0].AXI_ARID
  	use +lint=PCWM for more details


Warning-[PCWM-W] Port connection width mismatch
../tb/axi_bus_top.sv, 37
"DW_axi_x2p DW_axi_x2p_u( .aclk (clk),  .aresetn (resetn),  .awvalid (axi_bus_top.axi_bus_mst_io[0].AXI_AWVALID),  .awaddr (axi_bus_top.axi_bus_mst_io[0].AXI_AWADDR),  .awid (axi_bus_top.axi_bus_mst_io[0].AXI_AWID),  .awlen (axi_bus_top.axi_bus_mst_io[0].AXI_AWLEN),  .awsize (axi_bus_top.axi_bus_mst_io[0].AXI_AWSIZE),  .awburst (axi_bus_top.axi_bus_mst_io[0].AXI_AWBURST),  .awlock (axi_bus_top.axi_bus_mst_io[0].AXI_AWLOCK),  .awcache (axi_bus_top.axi_bus_mst_io[0].AXI_AWCACHE),  .awprot (axi_bus_top.axi_bus_mst_io[0].AXI_AWPROT),  .awready (axi_bus_top.axi_bus_mst_io[0].AXI_AWREADY),  .wvalid (axi_bus_top.axi_bus_mst_io[0].AXI_WVALID),  .wid (axi_bus_top.axi_bus_mst_io[0].AXI_WID),  .wdata (axi_bus_top.axi_bus_mst_io[0].AXI_WDATA),  .wstrb (axi_bus_top.a ... "
  The following 1-bit expression is connected to 8-bit port "rid" of module 
  "DW_axi_x2p", instance "DW_axi_x2p_u".
  Expression: axi_bus_top.axi_bus_mst_io[0].AXI_RID
  	use +lint=PCWM for more details


Warning-[PCWM-W] Port connection width mismatch
../tb/axi_bus_top.sv, 37
"DW_axi_x2p DW_axi_x2p_u( .aclk (clk),  .aresetn (resetn),  .awvalid (axi_bus_top.axi_bus_mst_io[0].AXI_AWVALID),  .awaddr (axi_bus_top.axi_bus_mst_io[0].AXI_AWADDR),  .awid (axi_bus_top.axi_bus_mst_io[0].AXI_AWID),  .awlen (axi_bus_top.axi_bus_mst_io[0].AXI_AWLEN),  .awsize (axi_bus_top.axi_bus_mst_io[0].AXI_AWSIZE),  .awburst (axi_bus_top.axi_bus_mst_io[0].AXI_AWBURST),  .awlock (axi_bus_top.axi_bus_mst_io[0].AXI_AWLOCK),  .awcache (axi_bus_top.axi_bus_mst_io[0].AXI_AWCACHE),  .awprot (axi_bus_top.axi_bus_mst_io[0].AXI_AWPROT),  .awready (axi_bus_top.axi_bus_mst_io[0].AXI_AWREADY),  .wvalid (axi_bus_top.axi_bus_mst_io[0].AXI_WVALID),  .wid (axi_bus_top.axi_bus_mst_io[0].AXI_WID),  .wdata (axi_bus_top.axi_bus_mst_io[0].AXI_WDATA),  .wstrb (axi_bus_top.a ... "
  The following 64-bit expression is connected to 32-bit port "rdata" of 
  module "DW_axi_x2p", instance "DW_axi_x2p_u".
  Expression: axi_bus_top.axi_bus_mst_io[0].AXI_RDATA
  	use +lint=PCWM for more details

VCS Coverage Metrics Release O-2018.09-1_Full64 Copyright (c) 1991-2018 by Synopsys Inc.
***** Warning: +memcbk/-debug_access will not enable toggle coverage on MDAs.  Please use -cm_tgl mda to enable it.
Starting vcs inline pass...
22 modules and 0 UDP read.
recompiling package vcs_paramclassrepository
recompiling package _vcs_DPI_package
recompiling package uvm_pkg
recompiling module DW_axi_x2p_arb
recompiling module DW_axi_x2p_bcm99
recompiling module DW_axi_x2p_bcm07
recompiling module DW_axi_x2p_bcm21
recompiling module DW_axi_x2p_mux
recompiling module DW_axi_x2p_cmd_queue
recompiling module DW_axi_x2p_power_ctrl_legacy
recompiling module DW_axi_x2p_p
recompiling module DW_axi_x2p_read_data_buffer
recompiling module DW_axi_x2p_resp_buffer
recompiling module DW_axi_x2p_s_packer
recompiling module DW_axi_x2p_s_response
recompiling module DW_axi_x2p_s_unpack
recompiling module DW_axi_x2p_write_data_buffer
recompiling module DW_axi_x2p
recompiling module AXI_master_vif
recompiling module AXI_slave_vif
recompiling module apb_slave_vif
recompiling module axi_bus_top
All of 22 modules done
make[1]: Entering directory `/home/ICer/ic_prjs/axi_to_apb_uvm/sim_v1.0/work/csrc' \

rm -f _csrc*.so pre_vcsobj_*.so share_vcsobj_*.so
g++ -w  -pipe -fPIC -DVCS -O -I/home/synopsys/vcs-mx/O-2018.09-1/include    -c /home/synopsys/vcs-mx/O-2018.09-1/etc/uvm-1.1/src/dpi/uvm_dpi.cc \

gcc  -w  -pipe -fPIC -DVCS -O -I/home/synopsys/vcs-mx/O-2018.09-1/include    -fPIC \
-c -o uM9F1_0x2aB.o uM9F1_0x2aB.c
if [ -x ../simv ]; then chmod -x ../simv; fi
g++  -o ../simv    -Wl,-rpath-link=./ -Wl,-rpath='$ORIGIN'/simv.daidir/ -Wl,-rpath=./simv.daidir/ \
-Wl,-rpath='$ORIGIN'/simv.daidir//scsim.db.dir  -rdynamic  -Wl,-rpath=/home/synopsys/vcs-mx/O-2018.09-1/linux64/lib \
-L/home/synopsys/vcs-mx/O-2018.09-1/linux64/lib  uvm_dpi.o   objs/amcQw_d.o   _21666_archive_1.so \
SIM_l.o    uM9F1_0x2aB.o   rmapats_mop.o rmapats.o rmar.o rmar_nd.o  rmar_llvm_0_1.o \
rmar_llvm_0_0.o          -lzerosoft_rt_stubs -lvirsim -lerrorinf -lsnpsmalloc -lvfs \
/home/synopsys/verdi/Verdi_O-2018.09-SP2/share/PLI/VCS/LINUX64/pli.a    -lvcsnew \
-lsimprofile -lreader_common /home/synopsys/vcs-mx/O-2018.09-1/linux64/lib/libBA.a \
-luclinative /home/synopsys/vcs-mx/O-2018.09-1/linux64/lib/vcs_tls.o   -Wl,-whole-archive \
-lvcsucli -Wl,-no-whole-archive       ./../simv.daidir/vc_hdrs.o  _vcs_pli_stub_.o \
/home/synopsys/vcs-mx/O-2018.09-1/linux64/lib/vcs_save_restore_new.o -ldl -lm  -lc \
-lpthread -ldl 
../simv up to date
make[1]: Leaving directory `/home/ICer/ic_prjs/axi_to_apb_uvm/sim_v1.0/work/csrc' \

Generating Assert Debug shared object
CPU time: 14.632 seconds to compile + .395 seconds to elab + .558 seconds to link
