version: (200506)

available memory: 64M bytes
used memory: 73728 bytes [need 72K bytes if disable swap]

used block: 2 [memory(2) file(0)]
                 [ 8K(1) 64K(1) { total 72K bytes } ]
overhead: (9531) bytes for (2) blocks [Average: (4765) bytes/block]

write  => 0(times) 0K(bytes) [0K bytes to file]
read   => 1(times) 28K(bytes) [5K bytes compressed data from file]
access => 16238(times) 130M(bytes)
          [hit ratio: 99.9938%]

time: write(0) read(0)  unit: second

swap file directory: (/home/ICer/ic_prjs/axi_to_apb_uvm/sim_v1.0/work/verdiLog)
used swap file number: (1)



swap file manager:
arrSize: (256)
idxCnt: (4)
closeHead: (1)
closeTail: (2)
openCnt: (2)
fid(3): fd(0) fileName(/home/ICer/ic_prjs/axi_to_apb_uvm/sim_v1.0/work/simv.daidir/kdb.elab++/work.lib++/snps_reg.svh#inc___vcs_unit__1__135#.tdc)
	size(20390) lastModTime(1673088605) curModTime(1673088605)
	mode(rb)	hot(0) cool(0) pos(0)
fid(2): fd(29) fileName(/home/ICer/ic_prjs/axi_to_apb_uvm/sim_v1.0/work/verdiLog/_swap_0001#8323328#23015)
	size(0) lastModTime(0) curModTime(1673088756)
	mode(w+b)	hot(0) cool(1) pos(0)
fid(1): fd(1073741824) fileName(/home/ICer/ic_prjs/axi_to_apb_uvm/sim_v1.0/work/simv.daidir/kdb.elab++/work.lib++/DW_axi_x2p_bcm99.v.tdc)
	size(9318) lastModTime(1673088605) curModTime(1673088605)
	mode(rb)	hot(2) cool(0) pos(0)
fid(0): fd(0) fileName(NULL)
	mode(NULL)	hot(0) cool(0) pos(0)
==================================================
mySelf(14e7bf90) pre(14e6d8d0) next(0)
version(200506)
date(Sep 28 2018 10:00:16)
